<?xml version="1.0" encoding="UTF-8"?>
<!-- Generated by org.testng.reporters.JUnitReportReporter -->
<testsuite hostname="DESKTOP-U9KGDGS" name="runners.Email_Validation_Test" tests="1" failures="0" timestamp="8 Jul 2019 08:20:31 GMT" time="13.632" errors="0">
  <testcase name="feature" time="13.632" classname="runners.Email_Validation_Test"/>
</testsuite> <!-- runners.Email_Validation_Test -->
