<?xml version="1.0" encoding="UTF-8"?>
<!-- Generated by org.testng.reporters.JUnitReportReporter -->
<testsuite hostname="DESKTOP-U9KGDGS" name="runners.MainRunner" tests="1" failures="0" timestamp="7 Jul 2019 19:01:16 GMT" time="45.966" errors="0">
  <testcase name="feature" time="45.966" classname="runners.MainRunner"/>
</testsuite> <!-- runners.MainRunner -->
