<?xml version="1.0" encoding="UTF-8"?>
<!-- Generated by org.testng.reporters.JUnitReportReporter -->
<testsuite hostname="DESKTOP-U9KGDGS" name="runners.TravelSearch_Test" tests="1" failures="0" timestamp="8 Jul 2019 03:32:54 GMT" time="37.637" errors="0">
  <testcase name="feature" time="37.637" classname="runners.TravelSearch_Test"/>
</testsuite> <!-- runners.TravelSearch_Test -->
