<?xml version="1.0" encoding="UTF-8"?>
<!-- Generated by org.testng.reporters.JUnitReportReporter -->
<testsuite hostname="DESKTOP-U9KGDGS" name="runners.Test_Test" tests="1" failures="0" timestamp="8 Jul 2019 01:34:43 GMT" time="14.789" errors="0">
  <testcase name="feature" time="14.789" classname="runners.Test_Test"/>
</testsuite> <!-- runners.Test_Test -->
