<?xml version="1.0" encoding="UTF-8"?>
<!-- Generated by org.testng.reporters.JUnitReportReporter -->
<testsuite hostname="DESKTOP-U9KGDGS" name="runners.MainRunner_Test" tests="4" failures="0" timestamp="8 Jul 2019 08:48:23 GMT" time="680.504" errors="0">
  <testcase name="feature" time="166.752" classname="runners.MainRunner_Test"/>
  <testcase name="feature" time="87.882" classname="runners.MainRunner_Test"/>
  <testcase name="feature" time="334.484" classname="runners.MainRunner_Test"/>
  <testcase name="feature" time="91.386" classname="runners.MainRunner_Test"/>
</testsuite> <!-- runners.MainRunner_Test -->
