<?xml version="1.0" encoding="UTF-8"?>
<!-- Generated by org.testng.reporters.JUnitReportReporter -->
<testsuite hostname="DESKTOP-U9KGDGS" name="runners.New_Registration_Email_Validation_Test" tests="1" failures="0" timestamp="8 Jul 2019 08:36:32 GMT" time="84.096" errors="0">
  <testcase name="feature" time="84.096" classname="runners.New_Registration_Email_Validation_Test"/>
</testsuite> <!-- runners.New_Registration_Email_Validation_Test -->
