<?xml version="1.0" encoding="UTF-8"?>
<!-- Generated by org.testng.reporters.JUnitReportReporter -->
<testsuite hostname="DESKTOP-U9KGDGS" name="runners.LoginRunner_Test" tests="1" failures="0" timestamp="8 Jul 2019 07:20:44 GMT" time="129.314" errors="0">
  <testcase name="feature" time="129.314" classname="runners.LoginRunner_Test"/>
</testsuite> <!-- runners.LoginRunner_Test -->
