<?xml version="1.0" encoding="UTF-8"?>
<!-- Generated by org.testng.reporters.JUnitReportReporter -->
<testsuite hostname="DESKTOP-U9KGDGS" name="runners.test_Test" tests="1" failures="0" timestamp="8 Jul 2019 08:17:36 GMT" time="13.078" errors="0">
  <testcase name="feature" time="13.078" classname="runners.test_Test"/>
</testsuite> <!-- runners.test_Test -->
