<?xml version="1.0" encoding="UTF-8"?>
<!-- Generated by org.testng.reporters.JUnitReportReporter -->
<testsuite hostname="DESKTOP-U9KGDGS" name="runners.New_Registration_Test" tests="1" failures="0" timestamp="8 Jul 2019 01:37:11 GMT" time="119.001" errors="0">
  <testcase name="feature" time="119.001" classname="runners.New_Registration_Test"/>
</testsuite> <!-- runners.New_Registration_Test -->
