<?xml version="1.0" encoding="UTF-8"?>
<!-- Generated by org.testng.reporters.JUnitReportReporter -->
<testsuite hostname="DESKTOP-U9KGDGS" name="runners.MainRunner" tests="1" failures="0" timestamp="7 Jul 2019 21:10:38 GMT" time="42.172" errors="0">
  <testcase name="feature" time="42.172" classname="runners.MainRunner"/>
</testsuite> <!-- runners.MainRunner -->
